<?xml version="1.0" encoding="UTF-8"?>
<!-- Generated by org.testng.reporters.JUnitReportReporter -->
<testsuite skipped="3" hostname="STSPC93" name="com.crm.qa.testcases.HomePageTest" tests="4" failures="0" timestamp="02 May 2018 08:38:08 GMT" time="0.072" errors="1">
  <testcase name="setUp" time="0.072" classname="com.crm.qa.testcases.HomePageTest">
    <error type="java.lang.NoClassDefFoundError" message="org/apache/http/auth/Credentials">
      <![CDATA[java.lang.NoClassDefFoundError: org/apache/http/auth/Credentialsat org.openqa.selenium.remote.HttpCommandExecutor.getDefaultClientFactory(HttpCommandExecutor.java:93)at org.openqa.selenium.remote.HttpCommandExecutor.<init>(HttpCommandExecutor.java:72)at org.openqa.selenium.remote.service.DriverCommandExecutor.<init>(DriverCommandExecutor.java:62)at org.openqa.selenium.chrome.ChromeDriverCommandExecutor.<init>(ChromeDriverCommandExecutor.java:39)at org.openqa.selenium.chrome.ChromeDriver.<init>(ChromeDriver.java:184)at org.openqa.selenium.chrome.ChromeDriver.<init>(ChromeDriver.java:171)at org.openqa.selenium.chrome.ChromeDriver.<init>(ChromeDriver.java:124)at com.crm.qa.base.TestBase.initialization(TestBase.java:42)at com.crm.qa.testcases.HomePageTest.setUp(HomePageTest.java:30)at sun.reflect.NativeMethodAccessorImpl.invoke0(Native Method)at sun.reflect.NativeMethodAccessorImpl.invoke(NativeMethodAccessorImpl.java:62)at sun.reflect.DelegatingMethodAccessorImpl.invoke(DelegatingMethodAccessorImpl.java:43)at java.lang.reflect.Method.invoke(Method.java:483)at org.testng.internal.MethodInvocationHelper.invokeMethod(MethodInvocationHelper.java:124)at org.testng.internal.MethodInvocationHelper.invokeMethodConsideringTimeout(MethodInvocationHelper.java:59)at org.testng.internal.Invoker.invokeConfigurationMethod(Invoker.java:451)at org.testng.internal.Invoker.invokeConfigurations(Invoker.java:222)at org.testng.internal.Invoker.invokeMethod(Invoker.java:516)at org.testng.internal.Invoker.invokeTestMethod(Invoker.java:707)at org.testng.internal.Invoker.invokeTestMethods(Invoker.java:979)at org.testng.internal.TestMethodWorker.invokeTestMethods(TestMethodWorker.java:125)at org.testng.internal.TestMethodWorker.run(TestMethodWorker.java:109)at org.testng.TestRunner.privateRun(TestRunner.java:648)at org.testng.TestRunner.run(TestRunner.java:505)at org.testng.SuiteRunner.runTest(SuiteRunner.java:455)at org.testng.SuiteRunner.runSequentially(SuiteRunner.java:450)at org.testng.SuiteRunner.privateRun(SuiteRunner.java:415)at org.testng.SuiteRunner.run(SuiteRunner.java:364)at org.testng.SuiteRunnerWorker.runSuite(SuiteRunnerWorker.java:52)at org.testng.SuiteRunnerWorker.run(SuiteRunnerWorker.java:84)at org.testng.TestNG.runSuitesSequentially(TestNG.java:1187)at org.testng.TestNG.runSuitesLocally(TestNG.java:1116)at org.testng.TestNG.runSuites(TestNG.java:1028)at org.testng.TestNG.run(TestNG.java:996)at org.testng.remote.AbstractRemoteTestNG.run(AbstractRemoteTestNG.java:114)at org.testng.remote.RemoteTestNG.initAndRun(RemoteTestNG.java:251)at org.testng.remote.RemoteTestNG.main(RemoteTestNG.java:77)Caused by: java.lang.ClassNotFoundException: org.apache.http.auth.Credentialsat java.net.URLClassLoader$1.run(URLClassLoader.java:372)at java.net.URLClassLoader$1.run(URLClassLoader.java:361)at java.security.AccessController.doPrivileged(Native Method)at java.net.URLClassLoader.findClass(URLClassLoader.java:360)at java.lang.ClassLoader.loadClass(ClassLoader.java:424)at sun.misc.Launcher$AppClassLoader.loadClass(Launcher.java:308)at java.lang.ClassLoader.loadClass(ClassLoader.java:357)... 37 more]]>
    </error>
  </testcase> <!-- setUp -->
  <testcase name="verifyHomePageTitleTest" time="0.000" classname="com.crm.qa.testcases.HomePageTest">
    <skipped/>
  </testcase> <!-- verifyHomePageTitleTest -->
  <testcase name="verifyUserNameTest" time="0.000" classname="com.crm.qa.testcases.HomePageTest">
    <skipped/>
  </testcase> <!-- verifyUserNameTest -->
  <testcase name="verifyContactsLinkTest" time="0.000" classname="com.crm.qa.testcases.HomePageTest">
    <skipped/>
  </testcase> <!-- verifyContactsLinkTest -->
</testsuite> <!-- com.crm.qa.testcases.HomePageTest -->
